<?xml version="1.0" encoding="UTF-8"?>
<!-- Generated by org.testng.reporters.JUnitReportReporter -->
<testsuite hostname="KOUSHIK" failures="0" tests="3" name="Demoa.DemoA" time="0.025" errors="0" timestamp="2024-11-29T08:02:30 IST" skipped="0">
  <testcase classname="Demoa.DemoA" name="demoA" time="0.018"/>
  <system-out>
    <![CDATA[hello world]]>
  </system-out>
  <testcase classname="Demoa.DemoA" name="demoB" time="0.003"/>
  <system-out>
    <![CDATA[welcome to the new world]]>
  </system-out>
  <testcase classname="Demoa.DemoA" name="demoC" time="0.004"/>
  <system-out/>
</testsuite> <!-- Demoa.DemoA -->
