<?xml version="1.0" encoding="UTF-8"?>
<!-- Generated by org.testng.reporters.JUnitReportReporter -->
<testsuite hostname="KOUSHIK" failures="0" tests="3" name="Demoa.Usermodule" time="0.020" errors="0" timestamp="2024-12-03T17:30:23 IST" skipped="0">
  <testcase classname="Demoa.Usermodule" name="modifyuser" time="0.003"/>
  <system-out>
    <![CDATA[modify user]]>
  </system-out>
  <testcase classname="Demoa.Usermodule" name="createuser" time="0.015"/>
  <system-out>
    <![CDATA[create user]]>
  </system-out>
  <testcase classname="Demoa.Usermodule" name="deleteuser" time="0.002"/>
  <system-out>
    <![CDATA[delete user]]>
  </system-out>
</testsuite> <!-- Demoa.Usermodule -->
