<?xml version="1.0" encoding="UTF-8"?>
<!-- Generated by org.testng.reporters.JUnitReportReporter -->
<testsuite hostname="KOUSHIK" failures="0" tests="3" name="com.actitime.generic.UserModule" time="4.585" errors="0" timestamp="2024-12-03T17:34:18 IST" skipped="0">
  <testcase classname="com.actitime.generic.UserModule" name="deleteuser" time="1.550"/>
  <system-out>
    <![CDATA[delete user]]>
  </system-out>
  <testcase classname="com.actitime.generic.UserModule" name="createuser" time="1.505"/>
  <system-out>
    <![CDATA[create user]]>
  </system-out>
  <testcase classname="com.actitime.generic.UserModule" name="modifyuser" time="1.530"/>
  <system-out>
    <![CDATA[modify user]]>
  </system-out>
</testsuite> <!-- com.actitime.generic.UserModule -->
