<?xml version="1.0" encoding="UTF-8"?>
<!-- Generated by org.testng.reporters.JUnitReportReporter -->
<testsuite hostname="KOUSHIK" failures="0" tests="3" name="Demoa.projectmodule" time="0.007" errors="0" timestamp="2024-12-03T17:30:23 IST" skipped="0">
  <testcase classname="Demoa.projectmodule" name="deleteproject" time="0.003"/>
  <system-out>
    <![CDATA[delete project]]>
  </system-out>
  <testcase classname="Demoa.projectmodule" name="modifyproject" time="0.003"/>
  <system-out>
    <![CDATA[modify project]]>
  </system-out>
  <testcase classname="Demoa.projectmodule" name="createproject" time="0.001"/>
  <system-out>
    <![CDATA[create project]]>
  </system-out>
</testsuite> <!-- Demoa.projectmodule -->
