<?xml version="1.0" encoding="UTF-8"?>
<!-- Generated by org.testng.reporters.JUnitReportReporter -->
<testsuite hostname="KOUSHIK" failures="0" tests="3" name="com.actitime.generic.ProjectModule" time="6.794" errors="0" timestamp="2024-12-03T17:34:18 IST" skipped="0">
  <testcase classname="com.actitime.generic.ProjectModule" name="deleteproject" time="2.794"/>
  <system-out>
    <![CDATA[delete project]]>
  </system-out>
  <testcase classname="com.actitime.generic.ProjectModule" name="modifyproject" time="2.416"/>
  <system-out>
    <![CDATA[modify project]]>
  </system-out>
  <testcase classname="com.actitime.generic.ProjectModule" name="createproject" time="1.584"/>
  <system-out>
    <![CDATA[create project]]>
  </system-out>
</testsuite> <!-- com.actitime.generic.ProjectModule -->
