<?xml version="1.0" encoding="UTF-8"?>
<!-- Generated by org.testng.reporters.JUnitReportReporter -->
<testsuite hostname="KOUSHIK" failures="0" tests="1" name="Demoa.screenshots" time="5.224" errors="0" timestamp="2024-12-03T18:21:49 IST" skipped="0">
  <testcase classname="Demoa.screenshots" name="Demo" time="5.224"/>
  <system-out/>
</testsuite> <!-- Demoa.screenshots -->
